<?xml version="1.0" encoding="UTF-8"?>
<testng-results ignored="0" total="1" passed="1" failed="0" skipped="0">
  <reporter-output>
  </reporter-output>
  <suite started-at="2021-06-30T15:40:56 UTC" name="Suite" finished-at="2021-06-30T15:41:12 UTC" duration-ms="15541">
    <groups>
      <group name="cucumber">
        <method signature="AbstractTestNGCucumberTests.runScenario(io.cucumber.testng.PickleWrapper,io.cucumber.testng.FeatureWrapper)[pri:0, instance:com.ea.SpringBasic.runner.TestRunner@3f56875e]" name="runScenario" class="io.cucumber.testng.AbstractTestNGCucumberTests"/>
      </group> <!-- cucumber -->
    </groups>
    <test started-at="2021-06-30T15:40:56 UTC" name="Automation Tests of HCC" finished-at="2021-06-30T15:41:12 UTC" duration-ms="15541">
      <class name="com.ea.SpringBasic.runner.TestRunner">
        <test-method is-config="true" signature="setUpClass()[pri:0, instance:com.ea.SpringBasic.runner.TestRunner@3f56875e]" started-at="2021-06-30T15:40:56 UTC" name="setUpClass" finished-at="2021-06-30T15:40:57 UTC" duration-ms="344" status="PASS">
          <reporter-output>
          </reporter-output>
        </test-method> <!-- setUpClass -->
        <test-method signature="runScenario(io.cucumber.testng.PickleWrapper,io.cucumber.testng.FeatureWrapper)[pri:0, instance:com.ea.SpringBasic.runner.TestRunner@3f56875e]" started-at="2021-06-30T15:40:57 UTC" name="runScenario" description="Runs Cucumber Scenarios" data-provider="scenarios" finished-at="2021-06-30T15:41:12 UTC" duration-ms="15099" status="PASS">
          <params>
            <param index="0">
              <value>
                <![CDATA["Login with correct username and password"]]>
              </value>
            </param>
            <param index="1">
              <value>
                <![CDATA["Optional[LoginFeature]"]]>
              </value>
            </param>
          </params>
          <reporter-output>
          </reporter-output>
        </test-method> <!-- runScenario -->
        <test-method is-config="true" signature="tearDownClass()[pri:0, instance:com.ea.SpringBasic.runner.TestRunner@3f56875e]" started-at="2021-06-30T15:41:12 UTC" name="tearDownClass" finished-at="2021-06-30T15:41:12 UTC" duration-ms="64" status="PASS">
          <reporter-output>
          </reporter-output>
        </test-method> <!-- tearDownClass -->
      </class> <!-- com.ea.SpringBasic.runner.TestRunner -->
    </test> <!-- Automation Tests of HCC -->
  </suite> <!-- Suite -->
</testng-results>
